<?xml version="1.0" encoding="UTF-8"?>
<testsuite xmlns:xsi="http://www.w3.org/2001/XMLSchema-instance" xsi:noNamespaceSchemaLocation="https://maven.apache.org/surefire/maven-surefire-plugin/xsd/surefire-test-report-3.0.xsd" version="3.0" name="wypozyczalnia.example.wypozyczalnia.demo.ApplicationTests" time="9.886" tests="1" errors="0" skipped="0" failures="0">
  <properties>
[...]
</properties>
  <testcase name="contextLoads" classname="wypozyczalnia.example.wypozyczalnia.demo.ApplicationTests" time="0.661">
    <system-out><![CDATA[2024-11-27 18:02:58 INFO  o.s.t.c.s.AnnotationConfigContextLoaderUtils - Could not detect default configuration classes for test class [wypozyczalnia.example.wypozyczalnia.demo.ApplicationTests]: ApplicationTests does not declare any static, non-private, non-final, nested classes annotated with @Configuration.
2024-11-27 18:02:58 INFO  o.s.b.t.c.SpringBootTestContextBootstrapper - Found @SpringBootConfiguration wypozyczalnia.example.wypozyczalnia.demo.Application for test class wypozyczalnia.example.wypozyczalnia.demo.ApplicationTests

  .   ____          _            __ _ _
 /\\ / ___'_ __ _ _(_)_ __  __ _ \ \ \ \
( ( )\___ | '_ | '_| | '_ \/ _` | \ \ \ \
 \\/  ___)| |_)| | | | | || (_| |  ) ) ) )
  '  |____| .__|_| |_|_| |_\__, | / / / /
 =========|_|==============|___/=/_/_/_/
2024-11-27 18:02:58 INFO  o.h.validator.internal.util.Version - HV000001: Hibernate Validator 8.0.1.Final
 :: Spring Boot ::                (v3.2.4)

2024-11-27 18:02:58 INFO  w.e.w.demo.ApplicationTests - Starting ApplicationTests using Java 22.0.1 with PID 19956 (started by admin in C:\Users\admin\Desktop\swb\backend\Car_rental_backend)
2024-11-27 18:02:58 INFO  w.e.w.demo.ApplicationTests - No active profile set, falling back to 1 default profile: "default"
2024-11-27 18:02:59 INFO  o.s.d.r.c.RepositoryConfigurationDelegate - Bootstrapping Spring Data JPA repositories in DEFAULT mode.
2024-11-27 18:02:59 INFO  o.s.d.r.c.RepositoryConfigurationDelegate - Finished Spring Data repository scanning in 66 ms. Found 5 JPA repository interfaces.
2024-11-27 18:03:00 INFO  o.h.jpa.internal.util.LogHelper - HHH000204: Processing PersistenceUnitInfo [name: default]
2024-11-27 18:03:00 INFO  org.hibernate.Version - HHH000412: Hibernate ORM core version 6.4.4.Final
2024-11-27 18:03:00 INFO  o.h.c.i.RegionFactoryInitiator - HHH000026: Second-level cache disabled
2024-11-27 18:03:00 INFO  o.s.o.j.p.SpringPersistenceUnitInfo - No LoadTimeWeaver setup: ignoring JPA class transformer
2024-11-27 18:03:00 INFO  com.zaxxer.hikari.HikariDataSource - HikariPool-1 - Starting...
2024-11-27 18:03:00 INFO  c.g.cloud.sql.core.CoreSocketFactory - First Cloud SQL connection, generating RSA key pair.
2024-11-27 18:03:03 INFO  com.zaxxer.hikari.pool.HikariPool - HikariPool-1 - Added connection org.postgresql.jdbc.PgConnection@298263fa
2024-11-27 18:03:03 INFO  com.zaxxer.hikari.HikariDataSource - HikariPool-1 - Start completed.
2024-11-27 18:03:03 WARN  org.hibernate.orm.deprecation - HHH90000025: PostgreSQLDialect does not need to be specified explicitly using 'hibernate.dialect' (remove the property setting and it will be selected by default)
2024-11-27 18:03:04 INFO  o.h.e.t.j.p.i.JtaPlatformInitiator - HHH000489: No JTA platform available (set 'hibernate.transaction.jta.platform' to enable JTA platform integration)
2024-11-27 18:03:05 INFO  o.s.o.j.LocalContainerEntityManagerFactoryBean - Initialized JPA EntityManagerFactory for persistence unit 'default'
2024-11-27 18:03:06 WARN  o.s.b.a.o.j.JpaBaseConfiguration$JpaWebConfiguration - spring.jpa.open-in-view is enabled by default. Therefore, database queries may be performed during view rendering. Explicitly configure spring.jpa.open-in-view to disable this warning
2024-11-27 18:03:06 INFO  o.s.b.a.w.s.WelcomePageHandlerMapping - Adding welcome page: class path resource [static/index.html]
2024-11-27 18:03:07 INFO  w.e.w.demo.ApplicationTests - Started ApplicationTests in 8.545 seconds (process running for 10.041)
]]></system-out>
    <system-err><![CDATA[WARNING: A Java agent has been loaded dynamically (C:\Users\admin\.m2\repository\net\bytebuddy\byte-buddy-agent\1.14.12\byte-buddy-agent-1.14.12.jar)
WARNING: If a serviceability tool is in use, please run with -XX:+EnableDynamicAgentLoading to hide this warning
WARNING: If a serviceability tool is not in use, please run with -Djdk.instrument.traceUsage for more information
WARNING: Dynamic loading of agents will be disallowed by default in a future release
]]></system-err>
  </testcase>
</testsuite>